[debug] [2024-10-17T11:41:26.640Z] ----------------------------------------------------------------------
[debug] [2024-10-17T11:41:26.642Z] Command:       C:\Program Files\nodejs\node.exe C:\Users\glt\AppData\Roaming\npm\node_modules\firebase-tools\lib\bin\firebase.js functions:shell
[debug] [2024-10-17T11:41:26.643Z] CLI Version:   13.22.0
[debug] [2024-10-17T11:41:26.643Z] Platform:      win32
[debug] [2024-10-17T11:41:26.643Z] Node Version:  v20.12.2
[debug] [2024-10-17T11:41:26.643Z] Time:          Thu Oct 17 2024 16:41:26 GMT+0500 (Pakistan Standard Time)
[debug] [2024-10-17T11:41:26.643Z] ----------------------------------------------------------------------
[debug] 
[debug] [2024-10-17T11:41:26.723Z] > command requires scopes: ["email","openid","https://www.googleapis.com/auth/cloudplatformprojects.readonly","https://www.googleapis.com/auth/firebase","https://www.googleapis.com/auth/cloud-platform"]
[debug] [2024-10-17T11:41:26.723Z] > authorizing via signed-in user (ma8122576@gmail.com)
[debug] [2024-10-17T11:41:26.723Z] [iam] checking project autoservicesreact for permissions ["firebase.projects.get"]
[debug] [2024-10-17T11:41:26.725Z] Checked if tokens are valid: true, expires at: 1729166266699
[debug] [2024-10-17T11:41:26.725Z] Checked if tokens are valid: true, expires at: 1729166266699
[debug] [2024-10-17T11:41:26.726Z] >>> [apiv2][query] POST https://cloudresourcemanager.googleapis.com/v1/projects/autoservicesreact:testIamPermissions [none]
[debug] [2024-10-17T11:41:26.726Z] >>> [apiv2][(partial)header] POST https://cloudresourcemanager.googleapis.com/v1/projects/autoservicesreact:testIamPermissions x-goog-quota-user=projects/autoservicesreact
[debug] [2024-10-17T11:41:26.727Z] >>> [apiv2][body] POST https://cloudresourcemanager.googleapis.com/v1/projects/autoservicesreact:testIamPermissions {"permissions":["firebase.projects.get"]}
[debug] [2024-10-17T11:41:28.433Z] <<< [apiv2][status] POST https://cloudresourcemanager.googleapis.com/v1/projects/autoservicesreact:testIamPermissions 200
[debug] [2024-10-17T11:41:28.433Z] <<< [apiv2][body] POST https://cloudresourcemanager.googleapis.com/v1/projects/autoservicesreact:testIamPermissions {"permissions":["firebase.projects.get"]}
[debug] [2024-10-17T11:41:28.441Z] [functions] Functions Emulator only supports listening on one address (127.0.0.1). Not listening on ::1
[debug] [2024-10-17T11:41:28.446Z] defaultcredentials: writing to file C:\Users\glt\AppData\Roaming\firebase\ma8122576_gmail_com_application_default_credentials.json
[debug] [2024-10-17T11:41:28.449Z] DEBUG: Setting GAC to C:\Users\glt\AppData\Roaming\firebase\ma8122576_gmail_com_application_default_credentials.json
[debug] [2024-10-17T11:41:28.450Z] Checked if tokens are valid: true, expires at: 1729166266699
[debug] [2024-10-17T11:41:28.450Z] Checked if tokens are valid: true, expires at: 1729166266699
[debug] [2024-10-17T11:41:28.450Z] >>> [apiv2][query] GET https://firebase.googleapis.com/v1beta1/projects/autoservicesreact/adminSdkConfig [none]
[debug] [2024-10-17T11:41:29.520Z] <<< [apiv2][status] GET https://firebase.googleapis.com/v1beta1/projects/autoservicesreact/adminSdkConfig 200
[debug] [2024-10-17T11:41:29.520Z] <<< [apiv2][body] GET https://firebase.googleapis.com/v1beta1/projects/autoservicesreact/adminSdkConfig {"projectId":"autoservicesreact","databaseURL":"https://autoservicesreact-default-rtdb.firebaseio.com","storageBucket":"autoservicesreact.appspot.com","locationId":"us-central"}
[debug] [2024-10-17T11:41:29.539Z] [functions] Watching "C:\Users\glt\notes\functions" for Cloud Functions...
[debug] [2024-10-17T11:41:29.543Z] Validating nodejs source
[warn] !  functions: package.json indicates an outdated version of firebase-functions. Please upgrade using npm install --save firebase-functions@latest in your functions directory. 
[warn] !  functions: Please note that there will be breaking changes when you upgrade. 
[debug] [2024-10-17T11:41:30.994Z] > [functions] package.json contents: {
  "name": "functions",
  "description": "Cloud Functions for Firebase",
  "scripts": {
    "serve": "firebase emulators:start --only functions",
    "shell": "firebase functions:shell",
    "start": "npm run shell",
    "deploy": "firebase deploy --only functions",
    "logs": "firebase functions:log"
  },
  "engines": {
    "node": "18"
  },
  "main": "index.js",
  "dependencies": {
    "axios": "^1.7.7",
    "firebase-admin": "^12.1.0",
    "firebase-functions": "^5.0.0"
  },
  "devDependencies": {
    "firebase-functions-test": "^3.1.0"
  },
  "private": true
}
[debug] [2024-10-17T11:41:30.994Z] Building nodejs source
[debug] [2024-10-17T11:41:30.994Z] Failed to find version of module node: reached end of search path C:\Users\glt\notes\functions\node_modules
[warn] !  functions: Your requested "node" version "18" doesn't match your global version "20". Using node@20 from host. 
[debug] [2024-10-17T11:41:30.997Z] Could not find functions.yaml. Must use http discovery
[debug] [2024-10-17T11:41:31.002Z] Found firebase-functions binary at 'C:\Users\glt\notes\functions\node_modules\.bin\firebase-functions'
[info] Serving at port 8139

[debug] [2024-10-17T11:41:31.663Z] Got response from /__/functions.yaml {"endpoints":{"helloWorld":{"platform":"gcfv1","availableMemoryMb":null,"timeoutSeconds":null,"minInstances":null,"maxInstances":null,"ingressSettings":null,"serviceAccountEmail":null,"vpc":null,"httpsTrigger":{},"entryPoint":"helloWorld"},"sendDailyReport":{"platform":"gcfv1","availableMemoryMb":null,"timeoutSeconds":null,"minInstances":null,"maxInstances":null,"ingressSettings":null,"serviceAccountEmail":null,"vpc":null,"scheduleTrigger":{"schedule":"0 16 * * *","retryConfig":{"retryCount":null,"maxDoublings":null,"maxRetryDuration":null,"maxBackoffDuration":null,"minBackoffDuration":null},"timeZone":"America/New_York"},"labels":{},"entryPoint":"sendDailyReport"}},"specVersion":"v1alpha1","requiredAPIs":[{"api":"cloudscheduler.googleapis.com","reason":"Needed for scheduled functions."}],"extensions":{}}
[debug] [2024-10-17T11:41:36.720Z] [functions] Loaded functions definitions from source: helloWorld, sendDailyReport.
[debug] [2024-10-17T11:41:36.721Z] [functions[us-central1-helloWorld]] http function initialized (http://127.0.0.1:5000/autoservicesreact/us-central1/helloWorld).
[debug] [2024-10-17T11:41:36.722Z] [functions[us-central1-sendDailyReport]] function ignored because the pubsub emulator does not exist or is not running.
[info] i  functions: Loaded functions: helloWorld, sendDailyReport 
[warn] !  functions: The following emulators are not running, calls to these services will affect production: firestore, database, pubsub, storage, eventarc, tasks 
[debug] [2024-10-17T11:41:48.053Z] shell:sendDailyReport: trigger={"entryPoint":"sendDailyReport","platform":"gcfv1","region":"us-central1","name":"sendDailyReport","id":"us-central1-sendDailyReport","codebase":"default","availableMemoryMb":256,"labels":{"EVENTARC_CLOUD_EVENT_SOURCE":"cloudfunctions-emulated.googleapis.com/projects/autoservicesreact/locations/us-central1/functions/sendDailyReport"},"timeoutSeconds":60,"secretEnvironmentVariables":[],"eventTrigger":{"eventType":"pubsub","resource":""},"schedule":{"schedule":"0 16 * * *","timeZone":"America/New_York","retryConfig":{"maxBackoffSeconds":null,"minBackoffSeconds":null,"maxRetrySeconds":null,"retryCount":null,"maxDoublings":null}}}
[debug] [2024-10-17T11:41:48.053Z] shell:sendDailyReport: opts={}, data={}
[debug] [2024-10-17T11:41:48.074Z] DEBUG: [worker-pool] addWorker(us-central1-sendDailyReport)
[debug] [2024-10-17T11:41:48.075Z] DEBUG: [worker-pool] Adding worker with key us-central1-sendDailyReport, total=1
[debug] [2024-10-17T11:41:49.535Z] DEBUG: [runtime-status] [26600] Resolved module firebase-admin {"declared":true,"installed":true,"version":"12.6.0","resolution":"C:\\Users\\glt\\notes\\functions\\node_modules\\firebase-admin\\lib\\index.js"}
[debug] [2024-10-17T11:41:49.536Z] DEBUG: [runtime-status] [26600] Resolved module firebase-functions {"declared":true,"installed":true,"version":"5.1.1","resolution":"C:\\Users\\glt\\notes\\functions\\node_modules\\firebase-functions\\lib\\v1\\index.js"}
[debug] [2024-10-17T11:41:49.537Z] DEBUG: [runtime-status] [26600] Outgoing network have been stubbed. [{"name":"http","status":"mocked"},{"name":"http","status":"mocked"},{"name":"https","status":"mocked"},{"name":"https","status":"mocked"},{"name":"net","status":"mocked"}]
[debug] [2024-10-17T11:41:49.537Z] DEBUG: [runtime-status] [26600] Resolved module firebase-functions {"declared":true,"installed":true,"version":"5.1.1","resolution":"C:\\Users\\glt\\notes\\functions\\node_modules\\firebase-functions\\lib\\v1\\index.js"}
[debug] [2024-10-17T11:41:49.825Z] DEBUG: [runtime-status] [26600] Checked functions.config() {"config":{}}
[debug] [2024-10-17T11:41:49.827Z] DEBUG: [runtime-status] [26600] firebase-functions has been stubbed. {"functionsResolution":{"declared":true,"installed":true,"version":"5.1.1","resolution":"C:\\Users\\glt\\notes\\functions\\node_modules\\firebase-functions\\lib\\v1\\index.js"}}
[debug] [2024-10-17T11:41:49.828Z] DEBUG: [runtime-status] [26600] Resolved module firebase-functions {"declared":true,"installed":true,"version":"5.1.1","resolution":"C:\\Users\\glt\\notes\\functions\\node_modules\\firebase-functions\\lib\\v1\\index.js"}
[debug] [2024-10-17T11:41:49.833Z] DEBUG: [runtime-status] [26600] Resolved module firebase-admin {"declared":true,"installed":true,"version":"12.6.0","resolution":"C:\\Users\\glt\\notes\\functions\\node_modules\\firebase-admin\\lib\\index.js"}
[debug] [2024-10-17T11:41:49.836Z] DEBUG: [runtime-status] [26600] Resolved module firebase-functions {"declared":true,"installed":true,"version":"5.1.1","resolution":"C:\\Users\\glt\\notes\\functions\\node_modules\\firebase-functions\\lib\\v1\\index.js"}
[debug] [2024-10-17T11:41:49.836Z] DEBUG: [runtime-status] [26600] firebase-admin has been stubbed. {"adminResolution":{"declared":true,"installed":true,"version":"12.6.0","resolution":"C:\\Users\\glt\\notes\\functions\\node_modules\\firebase-admin\\lib\\index.js"}}
[debug] [2024-10-17T11:41:49.838Z] DEBUG: [runtime-status] [26600] initializeApp(DEFAULT) {"storageBucket":"autoservicesreact.appspot.com","databaseURL":"https://autoservicesreact-default-rtdb.firebaseio.com","projectId":"autoservicesreact"}
[debug] [2024-10-17T11:41:49.886Z] DEBUG: [runtime-status] [26600] Functions runtime initialized. {"cwd":"C:\\Users\\glt\\notes\\functions","node_version":"20.12.2"}
[debug] [2024-10-17T11:41:49.886Z] DEBUG: [runtime-status] [26600] Listening to port: \\?\pipe\fire_emu_46a870386794baaf
[debug] [2024-10-17T11:41:49.942Z] DEBUG: [worker-us-central1-sendDailyReport-b1ec3b23-69fc-4dd3-bc03-36e9cff68895]: IDLE
[debug] [2024-10-17T11:41:49.973Z] DEBUG: [runtime-status] [26600] RunBackground {"data":{},"context":{"eventId":"9b5a0ad3-8916-4f4e-85a5-c072fc551b53","timestamp":"2024-10-17T11:41:48.054Z","eventType":"pubsub","auth":{"admin":false}}}
[warn] !  functions: The Realtime Database emulator is not running, so calls to Realtime Database will affect production. {"metadata":{"emulator":{"name":"functions"},"function":{"name":"us-central1-sendDailyReport"},"extension":{},"message":"The Realtime Database emulator is not running, so calls to Realtime Database will affect production."}}
[info] >  No notes added today for user: 03555184441. {"user":"No notes added today for user: 03555184441.","metadata":{"emulator":{"name":"functions"},"function":{"name":"us-central1-sendDailyReport"},"extension":{},"message":"\u001b[90m> \u001b[39m No notes added today for user: 03555184441."}}
[info] >  No notes added today for user: 4377331467. {"user":"No notes added today for user: 4377331467.","metadata":{"emulator":{"name":"functions"},"function":{"name":"us-central1-sendDailyReport"},"extension":{},"message":"\u001b[90m> \u001b[39m No notes added today for user: 4377331467."}}
[info] >  No notes added today for user: 6092355015. {"user":"No notes added today for user: 6092355015.","metadata":{"emulator":{"name":"functions"},"function":{"name":"us-central1-sendDailyReport"},"extension":{},"message":"\u001b[90m> \u001b[39m No notes added today for user: 6092355015."}}
[info] >  No notes added today for user: 6506900634. {"user":"No notes added today for user: 6506900634.","metadata":{"emulator":{"name":"functions"},"function":{"name":"us-central1-sendDailyReport"},"extension":{},"message":"\u001b[90m> \u001b[39m No notes added today for user: 6506900634."}}
[info] >  No notes added today for user: 661-405-6580 . {"user":"No notes added today for user: 661-405-6580 .","metadata":{"emulator":{"name":"functions"},"function":{"name":"us-central1-sendDailyReport"},"extension":{},"message":"\u001b[90m> \u001b[39m No notes added today for user: 661-405-6580 ."}}
[info] >  No notes added today for user: 7146619284. {"user":"No notes added today for user: 7146619284.","metadata":{"emulator":{"name":"functions"},"function":{"name":"us-central1-sendDailyReport"},"extension":{},"message":"\u001b[90m> \u001b[39m No notes added today for user: 7146619284."}}
[info] >  No notes added today for user: 8087211309. {"user":"No notes added today for user: 8087211309.","metadata":{"emulator":{"name":"functions"},"function":{"name":"us-central1-sendDailyReport"},"extension":{},"message":"\u001b[90m> \u001b[39m No notes added today for user: 8087211309."}}
[info] >  No notes added today for user: 9499467449. {"user":"No notes added today for user: 9499467449.","metadata":{"emulator":{"name":"functions"},"function":{"name":"us-central1-sendDailyReport"},"extension":{},"message":"\u001b[90m> \u001b[39m No notes added today for user: 9499467449."}}
[info] >  No notes added today for user: appomatrix. {"user":"No notes added today for user: appomatrix.","metadata":{"emulator":{"name":"functions"},"function":{"name":"us-central1-sendDailyReport"},"extension":{},"message":"\u001b[90m> \u001b[39m No notes added today for user: appomatrix."}}
[info] >  [2024-10-17T13:36:12.369Z]  @firebase/database: FIREBASE WARNING: {"code":"app/invalid-credential","message":"Credential implementation provided to initializeApp() via the \"credential\" property failed to fetch a valid Google OAuth2 access token with the following error: \"Error fetching access token: Error while making request: getaddrinfo ENOTFOUND www.googleapis.com. Error code: ENOTFOUND\"."}  {"user":"[2024-10-17T13:36:12.369Z]  @firebase/database: FIREBASE WARNING: {\"code\":\"app/invalid-credential\",\"message\":\"Credential implementation provided to initializeApp() via the \\\"credential\\\" property failed to fetch a valid Google OAuth2 access token with the following error: \\\"Error fetching access token: Error while making request: getaddrinfo ENOTFOUND www.googleapis.com. Error code: ENOTFOUND\\\".\"} ","metadata":{"emulator":{"name":"functions"},"function":{"name":"us-central1-sendDailyReport"},"extension":{},"message":"\u001b[90m> \u001b[39m [2024-10-17T13:36:12.369Z]  @firebase/database: FIREBASE WARNING: {\"code\":\"app/invalid-credential\",\"message\":\"Credential implementation provided to initializeApp() via the \\\"credential\\\" property failed to fetch a valid Google OAuth2 access token with the following error: \\\"Error fetching access token: Error while making request: getaddrinfo ENOTFOUND www.googleapis.com. Error code: ENOTFOUND\\\".\"} "}}
[info] >  [2024-10-17T13:36:13.496Z]  @firebase/database: FIREBASE WARNING: {"code":"app/invalid-credential","message":"Credential implementation provided to initializeApp() via the \"credential\" property failed to fetch a valid Google OAuth2 access token with the following error: \"Error fetching access token: Error while making request: getaddrinfo ENOTFOUND www.googleapis.com. Error code: ENOTFOUND\"."}  {"user":"[2024-10-17T13:36:13.496Z]  @firebase/database: FIREBASE WARNING: {\"code\":\"app/invalid-credential\",\"message\":\"Credential implementation provided to initializeApp() via the \\\"credential\\\" property failed to fetch a valid Google OAuth2 access token with the following error: \\\"Error fetching access token: Error while making request: getaddrinfo ENOTFOUND www.googleapis.com. Error code: ENOTFOUND\\\".\"} ","metadata":{"emulator":{"name":"functions"},"function":{"name":"us-central1-sendDailyReport"},"extension":{},"message":"\u001b[90m> \u001b[39m [2024-10-17T13:36:13.496Z]  @firebase/database: FIREBASE WARNING: {\"code\":\"app/invalid-credential\",\"message\":\"Credential implementation provided to initializeApp() via the \\\"credential\\\" property failed to fetch a valid Google OAuth2 access token with the following error: \\\"Error fetching access token: Error while making request: getaddrinfo ENOTFOUND www.googleapis.com. Error code: ENOTFOUND\\\".\"} "}}
[debug] [2024-10-17T20:48:18.525Z] ----------------------------------------------------------------------
[debug] [2024-10-17T20:48:18.538Z] Command:       C:\Program Files\nodejs\node.exe C:\Users\glt\AppData\Roaming\npm\node_modules\firebase-tools\lib\bin\firebase.js functions:shell
[debug] [2024-10-17T20:48:18.539Z] CLI Version:   13.22.0
[debug] [2024-10-17T20:48:18.539Z] Platform:      win32
[debug] [2024-10-17T20:48:18.540Z] Node Version:  v20.12.2
[debug] [2024-10-17T20:48:18.540Z] Time:          Fri Oct 18 2024 01:48:18 GMT+0500 (Pakistan Standard Time)
[debug] [2024-10-17T20:48:18.541Z] ----------------------------------------------------------------------
[debug] 
[debug] [2024-10-17T20:48:19.512Z] > command requires scopes: ["email","openid","https://www.googleapis.com/auth/cloudplatformprojects.readonly","https://www.googleapis.com/auth/firebase","https://www.googleapis.com/auth/cloud-platform"]
[debug] [2024-10-17T20:48:19.513Z] > authorizing via signed-in user (ma8122576@gmail.com)
[debug] [2024-10-17T20:48:19.513Z] [iam] checking project autoservicesreact for permissions ["firebase.projects.get"]
[debug] [2024-10-17T20:48:19.516Z] Checked if tokens are valid: false, expires at: 1729197739448
[debug] [2024-10-17T20:48:19.519Z] Checked if tokens are valid: false, expires at: 1729197739448
[debug] [2024-10-17T20:48:19.521Z] > refreshing access token with scopes: []
[debug] [2024-10-17T20:48:19.527Z] >>> [apiv2][query] POST https://www.googleapis.com/oauth2/v3/token [none]
[debug] [2024-10-17T20:48:19.528Z] >>> [apiv2][body] POST https://www.googleapis.com/oauth2/v3/token [omitted]
[debug] [2024-10-17T20:48:20.196Z] <<< [apiv2][status] POST https://www.googleapis.com/oauth2/v3/token 200
[debug] [2024-10-17T20:48:20.197Z] <<< [apiv2][body] POST https://www.googleapis.com/oauth2/v3/token [omitted]
[debug] [2024-10-17T20:48:20.232Z] >>> [apiv2][query] POST https://cloudresourcemanager.googleapis.com/v1/projects/autoservicesreact:testIamPermissions [none]
[debug] [2024-10-17T20:48:20.232Z] >>> [apiv2][(partial)header] POST https://cloudresourcemanager.googleapis.com/v1/projects/autoservicesreact:testIamPermissions x-goog-quota-user=projects/autoservicesreact
[debug] [2024-10-17T20:48:20.233Z] >>> [apiv2][body] POST https://cloudresourcemanager.googleapis.com/v1/projects/autoservicesreact:testIamPermissions {"permissions":["firebase.projects.get"]}
[debug] [2024-10-17T20:48:21.934Z] <<< [apiv2][status] POST https://cloudresourcemanager.googleapis.com/v1/projects/autoservicesreact:testIamPermissions 200
[debug] [2024-10-17T20:48:21.935Z] <<< [apiv2][body] POST https://cloudresourcemanager.googleapis.com/v1/projects/autoservicesreact:testIamPermissions {"permissions":["firebase.projects.get"]}
[debug] [2024-10-17T20:48:21.958Z] [functions] Functions Emulator only supports listening on one address (127.0.0.1). Not listening on ::1
[debug] [2024-10-17T20:48:21.968Z] defaultcredentials: writing to file C:\Users\glt\AppData\Roaming\firebase\ma8122576_gmail_com_application_default_credentials.json
[debug] [2024-10-17T20:48:21.975Z] DEBUG: Setting GAC to C:\Users\glt\AppData\Roaming\firebase\ma8122576_gmail_com_application_default_credentials.json
[debug] [2024-10-17T20:48:21.977Z] Checked if tokens are valid: true, expires at: 1729201699198
[debug] [2024-10-17T20:48:21.977Z] Checked if tokens are valid: true, expires at: 1729201699198
[debug] [2024-10-17T20:48:21.978Z] >>> [apiv2][query] GET https://firebase.googleapis.com/v1beta1/projects/autoservicesreact/adminSdkConfig [none]
[debug] [2024-10-17T20:48:23.038Z] <<< [apiv2][status] GET https://firebase.googleapis.com/v1beta1/projects/autoservicesreact/adminSdkConfig 200
[debug] [2024-10-17T20:48:23.039Z] <<< [apiv2][body] GET https://firebase.googleapis.com/v1beta1/projects/autoservicesreact/adminSdkConfig {"projectId":"autoservicesreact","databaseURL":"https://autoservicesreact-default-rtdb.firebaseio.com","storageBucket":"autoservicesreact.appspot.com","locationId":"us-central"}
[debug] [2024-10-17T20:48:23.087Z] [functions] Watching "C:\Users\glt\notes\functions" for Cloud Functions...
[debug] [2024-10-17T20:48:23.114Z] Validating nodejs source
[warn] !  functions: package.json indicates an outdated version of firebase-functions. Please upgrade using npm install --save firebase-functions@latest in your functions directory. 
[warn] !  functions: Please note that there will be breaking changes when you upgrade. 
[debug] [2024-10-17T20:48:28.479Z] > [functions] package.json contents: {
  "name": "functions",
  "description": "Cloud Functions for Firebase",
  "scripts": {
    "serve": "firebase emulators:start --only functions",
    "shell": "firebase functions:shell",
    "start": "npm run shell",
    "deploy": "firebase deploy --only functions",
    "logs": "firebase functions:log"
  },
  "engines": {
    "node": "18"
  },
  "main": "index.js",
  "dependencies": {
    "axios": "^1.7.7",
    "firebase-admin": "^12.1.0",
    "firebase-functions": "^5.0.0"
  },
  "devDependencies": {
    "firebase-functions-test": "^3.1.0"
  },
  "private": true
}
[debug] [2024-10-17T20:48:28.480Z] Building nodejs source
[debug] [2024-10-17T20:48:28.481Z] Failed to find version of module node: reached end of search path C:\Users\glt\notes\functions\node_modules
[warn] !  functions: Your requested "node" version "18" doesn't match your global version "20". Using node@20 from host. 
[debug] [2024-10-17T20:48:28.493Z] Could not find functions.yaml. Must use http discovery
[debug] [2024-10-17T20:48:28.521Z] Found firebase-functions binary at 'C:\Users\glt\notes\functions\node_modules\.bin\firebase-functions'
[info] Serving at port 8143

[debug] [2024-10-17T20:48:30.139Z] Got response from /__/functions.yaml {"endpoints":{"helloWorld":{"platform":"gcfv1","availableMemoryMb":null,"timeoutSeconds":null,"minInstances":null,"maxInstances":null,"ingressSettings":null,"serviceAccountEmail":null,"vpc":null,"httpsTrigger":{},"entryPoint":"helloWorld"},"sendDailyReport":{"platform":"gcfv1","availableMemoryMb":null,"timeoutSeconds":null,"minInstances":null,"maxInstances":null,"ingressSettings":null,"serviceAccountEmail":null,"vpc":null,"scheduleTrigger":{"schedule":"0 16 * * *","retryConfig":{"retryCount":null,"maxDoublings":null,"maxRetryDuration":null,"maxBackoffDuration":null,"minBackoffDuration":null},"timeZone":"America/New_York"},"labels":{},"entryPoint":"sendDailyReport"}},"specVersion":"v1alpha1","requiredAPIs":[{"api":"cloudscheduler.googleapis.com","reason":"Needed for scheduled functions."}],"extensions":{}}
[debug] [2024-10-17T20:48:35.250Z] [functions] Loaded functions definitions from source: helloWorld, sendDailyReport.
[debug] [2024-10-17T20:48:35.254Z] [functions[us-central1-helloWorld]] http function initialized (http://127.0.0.1:5000/autoservicesreact/us-central1/helloWorld).
[debug] [2024-10-17T20:48:35.256Z] [functions[us-central1-sendDailyReport]] function ignored because the pubsub emulator does not exist or is not running.
[info] i  functions: Loaded functions: helloWorld, sendDailyReport 
[warn] !  functions: The following emulators are not running, calls to these services will affect production: firestore, database, pubsub, storage, eventarc, tasks 
[debug] [2024-10-17T20:49:06.775Z] shell:sendDailyReport: trigger={"entryPoint":"sendDailyReport","platform":"gcfv1","region":"us-central1","name":"sendDailyReport","id":"us-central1-sendDailyReport","codebase":"default","availableMemoryMb":256,"labels":{"EVENTARC_CLOUD_EVENT_SOURCE":"cloudfunctions-emulated.googleapis.com/projects/autoservicesreact/locations/us-central1/functions/sendDailyReport"},"timeoutSeconds":60,"secretEnvironmentVariables":[],"eventTrigger":{"eventType":"pubsub","resource":""},"schedule":{"schedule":"0 16 * * *","timeZone":"America/New_York","retryConfig":{"maxBackoffSeconds":null,"minBackoffSeconds":null,"maxRetrySeconds":null,"retryCount":null,"maxDoublings":null}}}
[debug] [2024-10-17T20:49:06.777Z] shell:sendDailyReport: opts={}, data={}
[debug] [2024-10-17T20:49:06.858Z] DEBUG: [worker-pool] addWorker(us-central1-sendDailyReport)
[debug] [2024-10-17T20:49:06.864Z] DEBUG: [worker-pool] Adding worker with key us-central1-sendDailyReport, total=1
[debug] [2024-10-17T20:49:09.930Z] DEBUG: [runtime-status] [18808] Resolved module firebase-admin {"declared":true,"installed":true,"version":"12.6.0","resolution":"C:\\Users\\glt\\notes\\functions\\node_modules\\firebase-admin\\lib\\index.js"}
[debug] [2024-10-17T20:49:09.932Z] DEBUG: [runtime-status] [18808] Resolved module firebase-functions {"declared":true,"installed":true,"version":"5.1.1","resolution":"C:\\Users\\glt\\notes\\functions\\node_modules\\firebase-functions\\lib\\v1\\index.js"}
[debug] [2024-10-17T20:49:09.933Z] DEBUG: [runtime-status] [18808] Outgoing network have been stubbed. [{"name":"http","status":"mocked"},{"name":"http","status":"mocked"},{"name":"https","status":"mocked"},{"name":"https","status":"mocked"},{"name":"net","status":"mocked"}]
[debug] [2024-10-17T20:49:09.935Z] DEBUG: [runtime-status] [18808] Resolved module firebase-functions {"declared":true,"installed":true,"version":"5.1.1","resolution":"C:\\Users\\glt\\notes\\functions\\node_modules\\firebase-functions\\lib\\v1\\index.js"}
[debug] [2024-10-17T20:49:10.567Z] DEBUG: [runtime-status] [18808] Checked functions.config() {"config":{}}
[debug] [2024-10-17T20:49:10.568Z] DEBUG: [runtime-status] [18808] firebase-functions has been stubbed. {"functionsResolution":{"declared":true,"installed":true,"version":"5.1.1","resolution":"C:\\Users\\glt\\notes\\functions\\node_modules\\firebase-functions\\lib\\v1\\index.js"}}
[debug] [2024-10-17T20:49:10.570Z] DEBUG: [runtime-status] [18808] Resolved module firebase-functions {"declared":true,"installed":true,"version":"5.1.1","resolution":"C:\\Users\\glt\\notes\\functions\\node_modules\\firebase-functions\\lib\\v1\\index.js"}
[debug] [2024-10-17T20:49:10.575Z] DEBUG: [runtime-status] [18808] Resolved module firebase-admin {"declared":true,"installed":true,"version":"12.6.0","resolution":"C:\\Users\\glt\\notes\\functions\\node_modules\\firebase-admin\\lib\\index.js"}
[debug] [2024-10-17T20:49:10.580Z] DEBUG: [runtime-status] [18808] Resolved module firebase-functions {"declared":true,"installed":true,"version":"5.1.1","resolution":"C:\\Users\\glt\\notes\\functions\\node_modules\\firebase-functions\\lib\\v1\\index.js"}
[debug] [2024-10-17T20:49:10.581Z] DEBUG: [runtime-status] [18808] firebase-admin has been stubbed. {"adminResolution":{"declared":true,"installed":true,"version":"12.6.0","resolution":"C:\\Users\\glt\\notes\\functions\\node_modules\\firebase-admin\\lib\\index.js"}}
[debug] [2024-10-17T20:49:10.586Z] DEBUG: [runtime-status] [18808] initializeApp(DEFAULT) {"storageBucket":"autoservicesreact.appspot.com","databaseURL":"https://autoservicesreact-default-rtdb.firebaseio.com","projectId":"autoservicesreact"}
[debug] [2024-10-17T20:49:10.694Z] DEBUG: [runtime-status] [18808] Functions runtime initialized. {"cwd":"C:\\Users\\glt\\notes\\functions","node_version":"20.12.2"}
[debug] [2024-10-17T20:49:10.696Z] DEBUG: [runtime-status] [18808] Listening to port: \\?\pipe\fire_emu_1f36addebc3fa997
[debug] [2024-10-17T20:49:10.823Z] DEBUG: [worker-us-central1-sendDailyReport-39e0f0b3-5eea-46e1-bb6f-aba5749e5c87]: IDLE
[debug] [2024-10-17T20:49:10.868Z] DEBUG: [runtime-status] [18808] RunBackground {"data":{},"context":{"eventId":"04d6fd17-653d-40d1-a791-082c57afe76f","timestamp":"2024-10-17T20:49:06.780Z","eventType":"pubsub","auth":{"admin":false}}}
[warn] !  functions: The Realtime Database emulator is not running, so calls to Realtime Database will affect production. {"metadata":{"emulator":{"name":"functions"},"function":{"name":"us-central1-sendDailyReport"},"extension":{},"message":"The Realtime Database emulator is not running, so calls to Realtime Database will affect production."}}
[info] >  No notes added today for user: 3171981460. {"user":"No notes added today for user: 3171981460.","metadata":{"emulator":{"name":"functions"},"function":{"name":"us-central1-sendDailyReport"},"extension":{},"message":"\u001b[90m> \u001b[39m No notes added today for user: 3171981460."}}
[info] >  No notes added today for user: 03555184441. {"user":"No notes added today for user: 03555184441.","metadata":{"emulator":{"name":"functions"},"function":{"name":"us-central1-sendDailyReport"},"extension":{},"message":"\u001b[90m> \u001b[39m No notes added today for user: 03555184441."}}
[info] >  No notes added today for user: 4377331467. {"user":"No notes added today for user: 4377331467.","metadata":{"emulator":{"name":"functions"},"function":{"name":"us-central1-sendDailyReport"},"extension":{},"message":"\u001b[90m> \u001b[39m No notes added today for user: 4377331467."}}
[info] >  No notes added today for user: 6092355015. {"user":"No notes added today for user: 6092355015.","metadata":{"emulator":{"name":"functions"},"function":{"name":"us-central1-sendDailyReport"},"extension":{},"message":"\u001b[90m> \u001b[39m No notes added today for user: 6092355015."}}
[info] >  No notes added today for user: 6506900634. {"user":"No notes added today for user: 6506900634.","metadata":{"emulator":{"name":"functions"},"function":{"name":"us-central1-sendDailyReport"},"extension":{},"message":"\u001b[90m> \u001b[39m No notes added today for user: 6506900634."}}
[info] >  No notes added today for user: 661-405-6580 . {"user":"No notes added today for user: 661-405-6580 .","metadata":{"emulator":{"name":"functions"},"function":{"name":"us-central1-sendDailyReport"},"extension":{},"message":"\u001b[90m> \u001b[39m No notes added today for user: 661-405-6580 ."}}
[info] >  No notes added today for user: 7146619284. {"user":"No notes added today for user: 7146619284.","metadata":{"emulator":{"name":"functions"},"function":{"name":"us-central1-sendDailyReport"},"extension":{},"message":"\u001b[90m> \u001b[39m No notes added today for user: 7146619284."}}
[info] >  No notes added today for user: 8087211309. {"user":"No notes added today for user: 8087211309.","metadata":{"emulator":{"name":"functions"},"function":{"name":"us-central1-sendDailyReport"},"extension":{},"message":"\u001b[90m> \u001b[39m No notes added today for user: 8087211309."}}
[info] >  No notes added today for user: 9499467449. {"user":"No notes added today for user: 9499467449.","metadata":{"emulator":{"name":"functions"},"function":{"name":"us-central1-sendDailyReport"},"extension":{},"message":"\u001b[90m> \u001b[39m No notes added today for user: 9499467449."}}
[info] >  Daily report sent to Slack for user: Appo Matrix {"user":"Daily report sent to Slack for user: Appo Matrix","metadata":{"emulator":{"name":"functions"},"function":{"name":"us-central1-sendDailyReport"},"extension":{},"message":"\u001b[90m> \u001b[39m Daily report sent to Slack for user: Appo Matrix"}}
[info] >  No notes added today for user: appomatrix. {"user":"No notes added today for user: appomatrix.","metadata":{"emulator":{"name":"functions"},"function":{"name":"us-central1-sendDailyReport"},"extension":{},"message":"\u001b[90m> \u001b[39m No notes added today for user: appomatrix."}}
[info] >  [2024-10-18T00:31:28.028Z]  @firebase/database: FIREBASE WARNING: {"code":"app/invalid-credential","message":"Credential implementation provided to initializeApp() via the \"credential\" property failed to fetch a valid Google OAuth2 access token with the following error: \"Error fetching access token: Error while making request: getaddrinfo ENOTFOUND www.googleapis.com. Error code: ENOTFOUND\"."}  {"user":"[2024-10-18T00:31:28.028Z]  @firebase/database: FIREBASE WARNING: {\"code\":\"app/invalid-credential\",\"message\":\"Credential implementation provided to initializeApp() via the \\\"credential\\\" property failed to fetch a valid Google OAuth2 access token with the following error: \\\"Error fetching access token: Error while making request: getaddrinfo ENOTFOUND www.googleapis.com. Error code: ENOTFOUND\\\".\"} ","metadata":{"emulator":{"name":"functions"},"function":{"name":"us-central1-sendDailyReport"},"extension":{},"message":"\u001b[90m> \u001b[39m [2024-10-18T00:31:28.028Z]  @firebase/database: FIREBASE WARNING: {\"code\":\"app/invalid-credential\",\"message\":\"Credential implementation provided to initializeApp() via the \\\"credential\\\" property failed to fetch a valid Google OAuth2 access token with the following error: \\\"Error fetching access token: Error while making request: getaddrinfo ENOTFOUND www.googleapis.com. Error code: ENOTFOUND\\\".\"} "}}
[info] >  [2024-10-18T00:31:28.527Z]  @firebase/database: FIREBASE WARNING: {"code":"app/invalid-credential","message":"Credential implementation provided to initializeApp() via the \"credential\" property failed to fetch a valid Google OAuth2 access token with the following error: \"Error fetching access token: Error while making request: getaddrinfo ENOTFOUND www.googleapis.com. Error code: ENOTFOUND\"."}  {"user":"[2024-10-18T00:31:28.527Z]  @firebase/database: FIREBASE WARNING: {\"code\":\"app/invalid-credential\",\"message\":\"Credential implementation provided to initializeApp() via the \\\"credential\\\" property failed to fetch a valid Google OAuth2 access token with the following error: \\\"Error fetching access token: Error while making request: getaddrinfo ENOTFOUND www.googleapis.com. Error code: ENOTFOUND\\\".\"} ","metadata":{"emulator":{"name":"functions"},"function":{"name":"us-central1-sendDailyReport"},"extension":{},"message":"\u001b[90m> \u001b[39m [2024-10-18T00:31:28.527Z]  @firebase/database: FIREBASE WARNING: {\"code\":\"app/invalid-credential\",\"message\":\"Credential implementation provided to initializeApp() via the \\\"credential\\\" property failed to fetch a valid Google OAuth2 access token with the following error: \\\"Error fetching access token: Error while making request: getaddrinfo ENOTFOUND www.googleapis.com. Error code: ENOTFOUND\\\".\"} "}}
[info] >  [2024-10-18T00:31:29.500Z]  @firebase/database: FIREBASE WARNING: {"code":"app/invalid-credential","message":"Credential implementation provided to initializeApp() via the \"credential\" property failed to fetch a valid Google OAuth2 access token with the following error: \"Error fetching access token: Error while making request: getaddrinfo ENOTFOUND www.googleapis.com. Error code: ENOTFOUND\"."}  {"user":"[2024-10-18T00:31:29.500Z]  @firebase/database: FIREBASE WARNING: {\"code\":\"app/invalid-credential\",\"message\":\"Credential implementation provided to initializeApp() via the \\\"credential\\\" property failed to fetch a valid Google OAuth2 access token with the following error: \\\"Error fetching access token: Error while making request: getaddrinfo ENOTFOUND www.googleapis.com. Error code: ENOTFOUND\\\".\"} ","metadata":{"emulator":{"name":"functions"},"function":{"name":"us-central1-sendDailyReport"},"extension":{},"message":"\u001b[90m> \u001b[39m [2024-10-18T00:31:29.500Z]  @firebase/database: FIREBASE WARNING: {\"code\":\"app/invalid-credential\",\"message\":\"Credential implementation provided to initializeApp() via the \\\"credential\\\" property failed to fetch a valid Google OAuth2 access token with the following error: \\\"Error fetching access token: Error while making request: getaddrinfo ENOTFOUND www.googleapis.com. Error code: ENOTFOUND\\\".\"} "}}
[info] >  [2024-10-18T07:17:15.612Z]  @firebase/database: FIREBASE WARNING: {"code":"app/invalid-credential","message":"Credential implementation provided to initializeApp() via the \"credential\" property failed to fetch a valid Google OAuth2 access token with the following error: \"Error fetching access token: Error while making request: getaddrinfo ENOTFOUND www.googleapis.com. Error code: ENOTFOUND\"."}  {"user":"[2024-10-18T07:17:15.612Z]  @firebase/database: FIREBASE WARNING: {\"code\":\"app/invalid-credential\",\"message\":\"Credential implementation provided to initializeApp() via the \\\"credential\\\" property failed to fetch a valid Google OAuth2 access token with the following error: \\\"Error fetching access token: Error while making request: getaddrinfo ENOTFOUND www.googleapis.com. Error code: ENOTFOUND\\\".\"} ","metadata":{"emulator":{"name":"functions"},"function":{"name":"us-central1-sendDailyReport"},"extension":{},"message":"\u001b[90m> \u001b[39m [2024-10-18T07:17:15.612Z]  @firebase/database: FIREBASE WARNING: {\"code\":\"app/invalid-credential\",\"message\":\"Credential implementation provided to initializeApp() via the \\\"credential\\\" property failed to fetch a valid Google OAuth2 access token with the following error: \\\"Error fetching access token: Error while making request: getaddrinfo ENOTFOUND www.googleapis.com. Error code: ENOTFOUND\\\".\"} "}}
[info] >  [2024-10-18T07:17:16.531Z]  @firebase/database: FIREBASE WARNING: {"code":"app/invalid-credential","message":"Credential implementation provided to initializeApp() via the \"credential\" property failed to fetch a valid Google OAuth2 access token with the following error: \"Error fetching access token: Error while making request: getaddrinfo ENOTFOUND www.googleapis.com. Error code: ENOTFOUND\"."}  {"user":"[2024-10-18T07:17:16.531Z]  @firebase/database: FIREBASE WARNING: {\"code\":\"app/invalid-credential\",\"message\":\"Credential implementation provided to initializeApp() via the \\\"credential\\\" property failed to fetch a valid Google OAuth2 access token with the following error: \\\"Error fetching access token: Error while making request: getaddrinfo ENOTFOUND www.googleapis.com. Error code: ENOTFOUND\\\".\"} ","metadata":{"emulator":{"name":"functions"},"function":{"name":"us-central1-sendDailyReport"},"extension":{},"message":"\u001b[90m> \u001b[39m [2024-10-18T07:17:16.531Z]  @firebase/database: FIREBASE WARNING: {\"code\":\"app/invalid-credential\",\"message\":\"Credential implementation provided to initializeApp() via the \\\"credential\\\" property failed to fetch a valid Google OAuth2 access token with the following error: \\\"Error fetching access token: Error while making request: getaddrinfo ENOTFOUND www.googleapis.com. Error code: ENOTFOUND\\\".\"} "}}
[info] >  [2024-10-18T10:28:26.361Z]  @firebase/database: FIREBASE WARNING: {"code":"app/invalid-credential","message":"Credential implementation provided to initializeApp() via the \"credential\" property failed to fetch a valid Google OAuth2 access token with the following error: \"Error fetching access token: Error while making request: getaddrinfo ENOTFOUND www.googleapis.com. Error code: ENOTFOUND\"."}  {"user":"[2024-10-18T10:28:26.361Z]  @firebase/database: FIREBASE WARNING: {\"code\":\"app/invalid-credential\",\"message\":\"Credential implementation provided to initializeApp() via the \\\"credential\\\" property failed to fetch a valid Google OAuth2 access token with the following error: \\\"Error fetching access token: Error while making request: getaddrinfo ENOTFOUND www.googleapis.com. Error code: ENOTFOUND\\\".\"} ","metadata":{"emulator":{"name":"functions"},"function":{"name":"us-central1-sendDailyReport"},"extension":{},"message":"\u001b[90m> \u001b[39m [2024-10-18T10:28:26.361Z]  @firebase/database: FIREBASE WARNING: {\"code\":\"app/invalid-credential\",\"message\":\"Credential implementation provided to initializeApp() via the \\\"credential\\\" property failed to fetch a valid Google OAuth2 access token with the following error: \\\"Error fetching access token: Error while making request: getaddrinfo ENOTFOUND www.googleapis.com. Error code: ENOTFOUND\\\".\"} "}}
[info] >  [2024-10-18T10:28:27.412Z]  @firebase/database: FIREBASE WARNING: {"code":"app/invalid-credential","message":"Credential implementation provided to initializeApp() via the \"credential\" property failed to fetch a valid Google OAuth2 access token with the following error: \"Error fetching access token: Error while making request: getaddrinfo ENOTFOUND www.googleapis.com. Error code: ENOTFOUND\"."}  {"user":"[2024-10-18T10:28:27.412Z]  @firebase/database: FIREBASE WARNING: {\"code\":\"app/invalid-credential\",\"message\":\"Credential implementation provided to initializeApp() via the \\\"credential\\\" property failed to fetch a valid Google OAuth2 access token with the following error: \\\"Error fetching access token: Error while making request: getaddrinfo ENOTFOUND www.googleapis.com. Error code: ENOTFOUND\\\".\"} ","metadata":{"emulator":{"name":"functions"},"function":{"name":"us-central1-sendDailyReport"},"extension":{},"message":"\u001b[90m> \u001b[39m [2024-10-18T10:28:27.412Z]  @firebase/database: FIREBASE WARNING: {\"code\":\"app/invalid-credential\",\"message\":\"Credential implementation provided to initializeApp() via the \\\"credential\\\" property failed to fetch a valid Google OAuth2 access token with the following error: \\\"Error fetching access token: Error while making request: getaddrinfo ENOTFOUND www.googleapis.com. Error code: ENOTFOUND\\\".\"} "}}
[info] >  [2024-10-18T10:28:28.356Z]  @firebase/database: FIREBASE WARNING: {"code":"app/invalid-credential","message":"Credential implementation provided to initializeApp() via the \"credential\" property failed to fetch a valid Google OAuth2 access token with the following error: \"Error fetching access token: Error while making request: getaddrinfo ENOTFOUND www.googleapis.com. Error code: ENOTFOUND\"."}  {"user":"[2024-10-18T10:28:28.356Z]  @firebase/database: FIREBASE WARNING: {\"code\":\"app/invalid-credential\",\"message\":\"Credential implementation provided to initializeApp() via the \\\"credential\\\" property failed to fetch a valid Google OAuth2 access token with the following error: \\\"Error fetching access token: Error while making request: getaddrinfo ENOTFOUND www.googleapis.com. Error code: ENOTFOUND\\\".\"} ","metadata":{"emulator":{"name":"functions"},"function":{"name":"us-central1-sendDailyReport"},"extension":{},"message":"\u001b[90m> \u001b[39m [2024-10-18T10:28:28.356Z]  @firebase/database: FIREBASE WARNING: {\"code\":\"app/invalid-credential\",\"message\":\"Credential implementation provided to initializeApp() via the \\\"credential\\\" property failed to fetch a valid Google OAuth2 access token with the following error: \\\"Error fetching access token: Error while making request: getaddrinfo ENOTFOUND www.googleapis.com. Error code: ENOTFOUND\\\".\"} "}}
[info] >  [2024-10-18T10:28:30.027Z]  @firebase/database: FIREBASE WARNING: {"code":"app/invalid-credential","message":"Credential implementation provided to initializeApp() via the \"credential\" property failed to fetch a valid Google OAuth2 access token with the following error: \"Error fetching access token: Error while making request: getaddrinfo ENOTFOUND www.googleapis.com. Error code: ENOTFOUND\"."}  {"user":"[2024-10-18T10:28:30.027Z]  @firebase/database: FIREBASE WARNING: {\"code\":\"app/invalid-credential\",\"message\":\"Credential implementation provided to initializeApp() via the \\\"credential\\\" property failed to fetch a valid Google OAuth2 access token with the following error: \\\"Error fetching access token: Error while making request: getaddrinfo ENOTFOUND www.googleapis.com. Error code: ENOTFOUND\\\".\"} ","metadata":{"emulator":{"name":"functions"},"function":{"name":"us-central1-sendDailyReport"},"extension":{},"message":"\u001b[90m> \u001b[39m [2024-10-18T10:28:30.027Z]  @firebase/database: FIREBASE WARNING: {\"code\":\"app/invalid-credential\",\"message\":\"Credential implementation provided to initializeApp() via the \\\"credential\\\" property failed to fetch a valid Google OAuth2 access token with the following error: \\\"Error fetching access token: Error while making request: getaddrinfo ENOTFOUND www.googleapis.com. Error code: ENOTFOUND\\\".\"} "}}
[info] >  [2024-10-18T11:18:09.450Z]  @firebase/database: FIREBASE WARNING: {"code":"app/invalid-credential","message":"Credential implementation provided to initializeApp() via the \"credential\" property failed to fetch a valid Google OAuth2 access token with the following error: \"Error fetching access token: Error while making request: getaddrinfo ENOTFOUND www.googleapis.com. Error code: ENOTFOUND\"."}  {"user":"[2024-10-18T11:18:09.450Z]  @firebase/database: FIREBASE WARNING: {\"code\":\"app/invalid-credential\",\"message\":\"Credential implementation provided to initializeApp() via the \\\"credential\\\" property failed to fetch a valid Google OAuth2 access token with the following error: \\\"Error fetching access token: Error while making request: getaddrinfo ENOTFOUND www.googleapis.com. Error code: ENOTFOUND\\\".\"} ","metadata":{"emulator":{"name":"functions"},"function":{"name":"us-central1-sendDailyReport"},"extension":{},"message":"\u001b[90m> \u001b[39m [2024-10-18T11:18:09.450Z]  @firebase/database: FIREBASE WARNING: {\"code\":\"app/invalid-credential\",\"message\":\"Credential implementation provided to initializeApp() via the \\\"credential\\\" property failed to fetch a valid Google OAuth2 access token with the following error: \\\"Error fetching access token: Error while making request: getaddrinfo ENOTFOUND www.googleapis.com. Error code: ENOTFOUND\\\".\"} "}}
[info] >  [2024-10-18T11:18:09.599Z]  @firebase/database: FIREBASE WARNING: {"code":"app/invalid-credential","message":"Credential implementation provided to initializeApp() via the \"credential\" property failed to fetch a valid Google OAuth2 access token with the following error: \"Error fetching access token: Error while making request: getaddrinfo ENOTFOUND www.googleapis.com. Error code: ENOTFOUND\"."}  {"user":"[2024-10-18T11:18:09.599Z]  @firebase/database: FIREBASE WARNING: {\"code\":\"app/invalid-credential\",\"message\":\"Credential implementation provided to initializeApp() via the \\\"credential\\\" property failed to fetch a valid Google OAuth2 access token with the following error: \\\"Error fetching access token: Error while making request: getaddrinfo ENOTFOUND www.googleapis.com. Error code: ENOTFOUND\\\".\"} ","metadata":{"emulator":{"name":"functions"},"function":{"name":"us-central1-sendDailyReport"},"extension":{},"message":"\u001b[90m> \u001b[39m [2024-10-18T11:18:09.599Z]  @firebase/database: FIREBASE WARNING: {\"code\":\"app/invalid-credential\",\"message\":\"Credential implementation provided to initializeApp() via the \\\"credential\\\" property failed to fetch a valid Google OAuth2 access token with the following error: \\\"Error fetching access token: Error while making request: getaddrinfo ENOTFOUND www.googleapis.com. Error code: ENOTFOUND\\\".\"} "}}
[info] >  [2024-10-18T11:18:10.698Z]  @firebase/database: FIREBASE WARNING: {"code":"app/invalid-credential","message":"Credential implementation provided to initializeApp() via the \"credential\" property failed to fetch a valid Google OAuth2 access token with the following error: \"Error fetching access token: Error while making request: getaddrinfo ENOTFOUND www.googleapis.com. Error code: ENOTFOUND\"."}  {"user":"[2024-10-18T11:18:10.698Z]  @firebase/database: FIREBASE WARNING: {\"code\":\"app/invalid-credential\",\"message\":\"Credential implementation provided to initializeApp() via the \\\"credential\\\" property failed to fetch a valid Google OAuth2 access token with the following error: \\\"Error fetching access token: Error while making request: getaddrinfo ENOTFOUND www.googleapis.com. Error code: ENOTFOUND\\\".\"} ","metadata":{"emulator":{"name":"functions"},"function":{"name":"us-central1-sendDailyReport"},"extension":{},"message":"\u001b[90m> \u001b[39m [2024-10-18T11:18:10.698Z]  @firebase/database: FIREBASE WARNING: {\"code\":\"app/invalid-credential\",\"message\":\"Credential implementation provided to initializeApp() via the \\\"credential\\\" property failed to fetch a valid Google OAuth2 access token with the following error: \\\"Error fetching access token: Error while making request: getaddrinfo ENOTFOUND www.googleapis.com. Error code: ENOTFOUND\\\".\"} "}}
[info] >  [2024-10-18T11:18:12.226Z]  @firebase/database: FIREBASE WARNING: {"code":"app/invalid-credential","message":"Credential implementation provided to initializeApp() via the \"credential\" property failed to fetch a valid Google OAuth2 access token with the following error: \"Error fetching access token: Error while making request: getaddrinfo ENOTFOUND www.googleapis.com. Error code: ENOTFOUND\"."}  {"user":"[2024-10-18T11:18:12.226Z]  @firebase/database: FIREBASE WARNING: {\"code\":\"app/invalid-credential\",\"message\":\"Credential implementation provided to initializeApp() via the \\\"credential\\\" property failed to fetch a valid Google OAuth2 access token with the following error: \\\"Error fetching access token: Error while making request: getaddrinfo ENOTFOUND www.googleapis.com. Error code: ENOTFOUND\\\".\"} ","metadata":{"emulator":{"name":"functions"},"function":{"name":"us-central1-sendDailyReport"},"extension":{},"message":"\u001b[90m> \u001b[39m [2024-10-18T11:18:12.226Z]  @firebase/database: FIREBASE WARNING: {\"code\":\"app/invalid-credential\",\"message\":\"Credential implementation provided to initializeApp() via the \\\"credential\\\" property failed to fetch a valid Google OAuth2 access token with the following error: \\\"Error fetching access token: Error while making request: getaddrinfo ENOTFOUND www.googleapis.com. Error code: ENOTFOUND\\\".\"} "}}
[info] >  [2024-10-18T11:18:12.513Z]  @firebase/database: FIREBASE WARNING: {"code":"app/invalid-credential","message":"Credential implementation provided to initializeApp() via the \"credential\" property failed to fetch a valid Google OAuth2 access token with the following error: \"Error fetching access token: Error while making request: getaddrinfo ENOTFOUND www.googleapis.com. Error code: ENOTFOUND\"."}  {"user":"[2024-10-18T11:18:12.513Z]  @firebase/database: FIREBASE WARNING: {\"code\":\"app/invalid-credential\",\"message\":\"Credential implementation provided to initializeApp() via the \\\"credential\\\" property failed to fetch a valid Google OAuth2 access token with the following error: \\\"Error fetching access token: Error while making request: getaddrinfo ENOTFOUND www.googleapis.com. Error code: ENOTFOUND\\\".\"} ","metadata":{"emulator":{"name":"functions"},"function":{"name":"us-central1-sendDailyReport"},"extension":{},"message":"\u001b[90m> \u001b[39m [2024-10-18T11:18:12.513Z]  @firebase/database: FIREBASE WARNING: {\"code\":\"app/invalid-credential\",\"message\":\"Credential implementation provided to initializeApp() via the \\\"credential\\\" property failed to fetch a valid Google OAuth2 access token with the following error: \\\"Error fetching access token: Error while making request: getaddrinfo ENOTFOUND www.googleapis.com. Error code: ENOTFOUND\\\".\"} "}}
[info] >  [2024-10-18T11:18:21.965Z]  @firebase/database: FIREBASE WARNING: {"code":"app/invalid-credential","message":"Credential implementation provided to initializeApp() via the \"credential\" property failed to fetch a valid Google OAuth2 access token with the following error: \"Error fetching access token: Error while making request: getaddrinfo ENOTFOUND www.googleapis.com. Error code: ENOTFOUND\"."}  {"user":"[2024-10-18T11:18:21.965Z]  @firebase/database: FIREBASE WARNING: {\"code\":\"app/invalid-credential\",\"message\":\"Credential implementation provided to initializeApp() via the \\\"credential\\\" property failed to fetch a valid Google OAuth2 access token with the following error: \\\"Error fetching access token: Error while making request: getaddrinfo ENOTFOUND www.googleapis.com. Error code: ENOTFOUND\\\".\"} ","metadata":{"emulator":{"name":"functions"},"function":{"name":"us-central1-sendDailyReport"},"extension":{},"message":"\u001b[90m> \u001b[39m [2024-10-18T11:18:21.965Z]  @firebase/database: FIREBASE WARNING: {\"code\":\"app/invalid-credential\",\"message\":\"Credential implementation provided to initializeApp() via the \\\"credential\\\" property failed to fetch a valid Google OAuth2 access token with the following error: \\\"Error fetching access token: Error while making request: getaddrinfo ENOTFOUND www.googleapis.com. Error code: ENOTFOUND\\\".\"} "}}
[info] >  [2024-10-18T12:50:31.345Z]  @firebase/database: FIREBASE WARNING: {"code":"app/invalid-credential","message":"Credential implementation provided to initializeApp() via the \"credential\" property failed to fetch a valid Google OAuth2 access token with the following error: \"Error fetching access token: Error while making request: getaddrinfo ENOTFOUND www.googleapis.com. Error code: ENOTFOUND\"."}  {"user":"[2024-10-18T12:50:31.345Z]  @firebase/database: FIREBASE WARNING: {\"code\":\"app/invalid-credential\",\"message\":\"Credential implementation provided to initializeApp() via the \\\"credential\\\" property failed to fetch a valid Google OAuth2 access token with the following error: \\\"Error fetching access token: Error while making request: getaddrinfo ENOTFOUND www.googleapis.com. Error code: ENOTFOUND\\\".\"} ","metadata":{"emulator":{"name":"functions"},"function":{"name":"us-central1-sendDailyReport"},"extension":{},"message":"\u001b[90m> \u001b[39m [2024-10-18T12:50:31.345Z]  @firebase/database: FIREBASE WARNING: {\"code\":\"app/invalid-credential\",\"message\":\"Credential implementation provided to initializeApp() via the \\\"credential\\\" property failed to fetch a valid Google OAuth2 access token with the following error: \\\"Error fetching access token: Error while making request: getaddrinfo ENOTFOUND www.googleapis.com. Error code: ENOTFOUND\\\".\"} "}}
